<?xml version="1.0" encoding="UTF-8"?>
<!-- Generated by org.testng.reporters.JUnitReportReporter -->
<testsuite hostname="DESKTOP-8BE00L8" failures="0" tests="2" name="mindtree.com.HomePageOpening" time="10.773" errors="0" timestamp="2021-10-08T13:11:00 IST" skipped="0">
  <testcase classname="mindtree.com.HomePageOpening" name="HomePageNavigation" time="8.048"/>
  <system-out/>
  <testcase classname="mindtree.com.HomePageOpening" name="HomePageNavigation" time="2.725"/>
  <system-out/>
</testsuite> <!-- mindtree.com.HomePageOpening -->
