<?xml version="1.0" encoding="UTF-8"?>
<!-- Generated by org.testng.reporters.JUnitReportReporter -->
<testsuite hostname="DESKTOP-8BE00L8" failures="0" tests="1" name="mindtree.com.ValidateNavigationBar" time="0.060" errors="0" timestamp="2021-10-08T13:11:00 IST" skipped="0">
  <testcase classname="mindtree.com.ValidateNavigationBar" name="validationofNavBar" time="0.060"/>
  <system-out/>
</testsuite> <!-- mindtree.com.ValidateNavigationBar -->
