<?xml version="1.0" encoding="UTF-8"?>
<!-- Generated by org.testng.reporters.JUnitReportReporter -->
<testsuite hostname="DESKTOP-8BE00L8" failures="0" tests="1" name="mindtree.com.validateTextonHomePage" time="0.040" errors="0" timestamp="2021-10-08T13:11:00 IST" skipped="0">
  <testcase classname="mindtree.com.validateTextonHomePage" name="validationofText" time="0.040"/>
  <system-out/>
</testsuite> <!-- mindtree.com.validateTextonHomePage -->
