<?xml version="1.0" encoding="UTF-8"?>
<!-- Generated by org.testng.reporters.JUnitReportReporter -->
<testsuite skipped="0" hostname="DESKTOP-8BE00L8" name="mindtree.com.HomePageOpening" tests="2" failures="0" timestamp="2021-10-06T23:09:15 IST" time="9.201" errors="0">
  <testcase name="HomePageNavigation" time="2.411" classname="mindtree.com.HomePageOpening"/>
  <system-out/>
  <testcase name="HomePageNavigation" time="6.790" classname="mindtree.com.HomePageOpening"/>
  <system-out/>
</testsuite> <!-- mindtree.com.HomePageOpening -->
