<?xml version="1.0" encoding="UTF-8"?>
<!-- Generated by org.testng.reporters.JUnitReportReporter -->
<testsuite skipped="0" hostname="DESKTOP-8BE00L8" name="mindtree.com.validateTextonHomePage" tests="1" failures="0" timestamp="2021-10-06T23:09:15 IST" time="0.129" errors="0">
  <testcase name="validationofText" time="0.129" classname="mindtree.com.validateTextonHomePage"/>
  <system-out/>
</testsuite> <!-- mindtree.com.validateTextonHomePage -->
